l:\c++\homework\homework1\q10\debug\vc120.pdb
l:\c++\homework\homework1\q10\debug\vc120.idb
l:\c++\homework\homework1\q10\debug\source.obj
l:\c++\homework\homework1\debug\q10.pdb
l:\c++\homework\homework1\q10\debug\q10.tlog\cl.command.1.tlog
l:\c++\homework\homework1\q10\debug\q10.tlog\cl.read.1.tlog
l:\c++\homework\homework1\q10\debug\q10.tlog\cl.write.1.tlog
l:\c++\homework\homework1\q10\debug\q10.tlog\link-cvtres.read.1.tlog
l:\c++\homework\homework1\q10\debug\q10.tlog\link-cvtres.write.1.tlog
l:\c++\homework\homework1\q10\debug\q10.tlog\link-rc.read.1.tlog
l:\c++\homework\homework1\q10\debug\q10.tlog\link-rc.write.1.tlog
l:\c++\homework\homework1\q10\debug\q10.tlog\link.15292-cvtres.read.1.tlog
l:\c++\homework\homework1\q10\debug\q10.tlog\link.15292-cvtres.write.1.tlog
l:\c++\homework\homework1\q10\debug\q10.tlog\link.15292-rc.read.1.tlog
l:\c++\homework\homework1\q10\debug\q10.tlog\link.15292-rc.write.1.tlog
l:\c++\homework\homework1\q10\debug\q10.tlog\link.15292.read.1.tlog
l:\c++\homework\homework1\q10\debug\q10.tlog\link.15292.write.1.tlog
l:\c++\homework\homework1\q10\debug\q10.tlog\link.command.1.tlog
l:\c++\homework\homework1\q10\debug\q10.tlog\link.read.1.tlog
l:\c++\homework\homework1\q10\debug\q10.tlog\link.write.1.tlog
